<?xml version="1.0" encoding="UTF-8"?>
<!-- Generated by org.testng.reporters.JUnitReportReporter -->
<testsuite hostname="SAMBASIVA" failures="0" tests="1" name="programs.Cookies" time="0.233" errors="0" timestamp="2023-08-30T15:28:05 IST" skipped="0">
  <testcase classname="programs.Cookies" name="cookies" time="0.233"/>
</testsuite> <!-- programs.Cookies -->
