<?xml version="1.0" encoding="UTF-8"?>
<!-- Generated by org.testng.reporters.JUnitReportReporter -->
<testsuite hostname="SAMBASIVA" failures="0" tests="1" name="programs.A8_Boolean_Oneway" time="3.333" errors="0" timestamp="2023-10-07T09:39:23 IST" skipped="0">
  <testcase classname="programs.A8_Boolean_Oneway" name="options" time="3.333"/>
</testsuite> <!-- programs.A8_Boolean_Oneway -->
