<?xml version="1.0" encoding="UTF-8"?>
<!-- Generated by org.testng.reporters.JUnitReportReporter -->
<testsuite hostname="SAMBASIVA" failures="0" tests="1" name="BHighlevelBases.B13_Assert_Verify2" time="0.298" errors="0" timestamp="2023-09-01T09:06:36 IST" skipped="0">
  <testcase classname="BHighlevelBases.B13_Assert_Verify2" name="fun" time="0.298"/>
</testsuite> <!-- BHighlevelBases.B13_Assert_Verify2 -->
