<?xml version="1.0" encoding="UTF-8"?>
<!-- Generated by org.testng.reporters.JUnitReportReporter -->
<testsuite hostname="SAMBASIVA" failures="0" tests="1" name="BHighlevelBases.C21_Debugging" time="12.805" errors="0" timestamp="2023-09-08T16:48:49 IST" skipped="0">
  <testcase classname="BHighlevelBases.C21_Debugging" name="clickable" time="12.805"/>
</testsuite> <!-- BHighlevelBases.C21_Debugging -->
