<?xml version="1.0" encoding="UTF-8"?>
<!-- Generated by org.testng.reporters.JUnitReportReporter -->
<testsuite hostname="SAMBASIVA" failures="0" tests="1" name="programs.A3_Popupwindow" time="33.445" errors="0" timestamp="2024-12-19T00:20:40 IST" skipped="0">
  <testcase classname="programs.A3_Popupwindow" name="windowpopup" time="33.445"/>
</testsuite> <!-- programs.A3_Popupwindow -->
