<?xml version="1.0" encoding="UTF-8"?>
<!-- Generated by org.testng.reporters.JUnitReportReporter -->
<testsuite hostname="SAMBASIVA" failures="0" tests="1" name="BHighlevelBases.B18_DataDriven" time="14.166" errors="0" timestamp="2023-10-28T11:48:10 IST" skipped="0">
  <testcase classname="BHighlevelBases.B18_DataDriven" name="data" time="14.166"/>
</testsuite> <!-- BHighlevelBases.B18_DataDriven -->
