<?xml version="1.0" encoding="UTF-8"?>
<!-- Generated by org.testng.reporters.JUnitReportReporter -->
<testsuite hostname="SAMBASIVA" failures="0" tests="1" name="BHighlevelBases.B20_ScrollBar_Element" time="0.062" errors="0" timestamp="2023-09-05T14:19:36 IST" skipped="0">
  <testcase classname="BHighlevelBases.B20_ScrollBar_Element" name="Scrollflow" time="0.062"/>
</testsuite> <!-- BHighlevelBases.B20_ScrollBar_Element -->
