<?xml version="1.0" encoding="UTF-8"?>
<!-- Generated by org.testng.reporters.JUnitReportReporter -->
<testsuite hostname="SAMBASIVA" failures="0" tests="1" name="BHighlevelBases.B17_Ajaxcontrol" time="12.816" errors="0" timestamp="2023-08-21T11:02:57 IST" skipped="0">
  <testcase classname="BHighlevelBases.B17_Ajaxcontrol" name="clickable" time="12.816"/>
</testsuite> <!-- BHighlevelBases.B17_Ajaxcontrol -->
