<?xml version="1.0" encoding="UTF-8"?>
<!-- Generated by org.testng.reporters.JUnitReportReporter -->
<testsuite hostname="SAMBASIVA" failures="0" tests="1" name="BHighlevelBases.B_11Array$B11_Array" time="31.878" errors="0" timestamp="2024-09-04T20:03:43 IST" skipped="0">
  <testcase classname="BHighlevelBases.B_11Array$B11_Array" name="functionality" time="31.878"/>
</testsuite> <!-- BHighlevelBases.B_11Array$B11_Array -->
