<?xml version="1.0" encoding="UTF-8"?>
<!-- Generated by org.testng.reporters.JUnitReportReporter -->
<testsuite hostname="SAMBASIVA" failures="0" tests="1" name="BHighlevelBases.B14_FlipkartGeneric" time="15.143" errors="0" timestamp="2023-08-15T13:58:43 IST" skipped="0">
  <testcase classname="BHighlevelBases.B14_FlipkartGeneric" name="clickable" time="15.143"/>
</testsuite> <!-- BHighlevelBases.B14_FlipkartGeneric -->
