<?xml version="1.0" encoding="UTF-8"?>
<!-- Generated by org.testng.reporters.JUnitReportReporter -->
<testsuite hostname="SAMBASIVA" failures="0" tests="1" name="BHighlevelBases.Genric_Pvr" time="43.235" errors="0" timestamp="2023-08-29T12:53:47 IST" skipped="0">
  <testcase classname="BHighlevelBases.Genric_Pvr" name="clickable" time="43.235"/>
</testsuite> <!-- BHighlevelBases.Genric_Pvr -->
