<?xml version="1.0" encoding="UTF-8"?>
<!-- Generated by org.testng.reporters.JUnitReportReporter -->
<testsuite hostname="SAMBASIVA" failures="0" tests="1" name="page_Object_model.TestCasesExecution" time="3.719" errors="0" timestamp="2023-09-30T20:06:00 IST" skipped="0">
  <testcase classname="page_Object_model.TestCasesExecution" name="alltestexecution" time="3.719"/>
</testsuite> <!-- page_Object_model.TestCasesExecution -->
