<?xml version="1.0" encoding="UTF-8"?>
<!-- Generated by org.testng.reporters.JUnitReportReporter -->
<testsuite hostname="SAMBASIVA" failures="0" tests="1" name="com.opencart.Repositry" time="0.031" errors="0" timestamp="2023-09-30T20:18:09 IST" skipped="0">
  <testcase classname="com.opencart.Repositry" name="registerpage" time="0.031"/>
</testsuite> <!-- com.opencart.Repositry -->
