<?xml version="1.0" encoding="UTF-8"?>
<!-- Generated by org.testng.reporters.JUnitReportReporter -->
<testsuite hostname="SAMBASIVA" failures="0" tests="1" name="com.opencart.Text_Execution" time="16.985" errors="0" timestamp="2023-10-28T11:56:05 IST" skipped="0">
  <testcase classname="com.opencart.Text_Execution" name="alltestcasese" time="16.985"/>
</testsuite> <!-- com.opencart.Text_Execution -->
