<?xml version="1.0" encoding="UTF-8"?>
<!-- Generated by org.testng.reporters.JUnitReportReporter -->
<testsuite hostname="SAMBASIVA" failures="0" tests="3" name="programs.A9_Enhancing_StudentQAForm" time="0.037" errors="0" timestamp="2024-12-19T00:37:59 IST" skipped="3">
  <testcase classname="programs.A9_Enhancing_StudentQAForm" name="improvement" time="0.000">
    <skipped/>
  </testcase> <!-- improvement -->
  <testcase classname="programs.A9_Enhancing_StudentQAForm" name="improvement" time="0.037">
    <skipped/>
  </testcase> <!-- improvement -->
  <testcase classname="programs.A9_Enhancing_StudentQAForm" name="improvement" time="0.000">
    <skipped/>
  </testcase> <!-- improvement -->
</testsuite> <!-- programs.A9_Enhancing_StudentQAForm -->
