<?xml version="1.0" encoding="UTF-8"?>
<!-- Generated by org.testng.reporters.JUnitReportReporter -->
<testsuite hostname="SAMBASIVA" failures="0" tests="1" name="programs.B10_Autoit" time="2.091" errors="0" timestamp="2024-03-11T21:37:12 IST" skipped="0">
  <testcase classname="programs.B10_Autoit" name="fun" time="2.091"/>
</testsuite> <!-- programs.B10_Autoit -->
