<?xml version="1.0" encoding="UTF-8"?>
<!-- Generated by org.testng.reporters.JUnitReportReporter -->
<testsuite hostname="SAMBASIVA" failures="0" tests="1" name="programs.A5_Screenshot" time="6.479" errors="0" timestamp="2024-03-11T20:48:55 IST" skipped="0">
  <testcase classname="programs.A5_Screenshot" name="alertscreen" time="6.479"/>
</testsuite> <!-- programs.A5_Screenshot -->
