<?xml version="1.0" encoding="UTF-8"?>
<!-- Generated by org.testng.reporters.JUnitReportReporter -->
<testsuite hostname="SAMBASIVA" failures="0" tests="1" name="programs.A6_Firstselectedoption" time="0.177" errors="0" timestamp="2024-11-24T19:32:44 IST" skipped="0">
  <testcase classname="programs.A6_Firstselectedoption" name="optionss" time="0.177"/>
</testsuite> <!-- programs.A6_Firstselectedoption -->
