<?xml version="1.0" encoding="UTF-8"?>
<!-- Generated by org.testng.reporters.JUnitReportReporter -->
<testsuite hostname="SAMBASIVA" failures="0" tests="1" name="programs.uploadfile" time="2.380" errors="0" timestamp="2023-08-31T20:34:51 IST" skipped="0">
  <testcase classname="programs.uploadfile" name="fun" time="2.380"/>
</testsuite> <!-- programs.uploadfile -->
