<?xml version="1.0" encoding="UTF-8"?>
<!-- Generated by org.testng.reporters.JUnitReportReporter -->
<testsuite hostname="SAMBASIVA" failures="0" tests="1" name="programs.A1_Alerts" time="3.174" errors="0" timestamp="2024-12-19T00:18:58 IST" skipped="0">
  <testcase classname="programs.A1_Alerts" name="handlingalerts" time="3.174"/>
</testsuite> <!-- programs.A1_Alerts -->
