<?xml version="1.0" encoding="UTF-8"?>
<!-- Generated by org.testng.reporters.JUnitReportReporter -->
<testsuite hostname="SAMBASIVA" failures="0" tests="1" name="programs.A2_MouseOverActions" time="20.954" errors="0" timestamp="2024-12-19T00:19:45 IST" skipped="0">
  <testcase classname="programs.A2_MouseOverActions" name="mouseOvver" time="20.954"/>
</testsuite> <!-- programs.A2_MouseOverActions -->
