<?xml version="1.0" encoding="UTF-8"?>
<!-- Generated by org.testng.reporters.JUnitReportReporter -->
<testsuite hostname="SAMBASIVA" failures="0" tests="1" name="programs.A7_INR_optionsvalidation" time="0.934" errors="0" timestamp="2024-11-24T19:34:24 IST" skipped="0">
  <testcase classname="programs.A7_INR_optionsvalidation" name="options" time="0.934"/>
</testsuite> <!-- programs.A7_INR_optionsvalidation -->
