<?xml version="1.0" encoding="UTF-8"?>
<!-- Generated by org.testng.reporters.JUnitReportReporter -->
<testsuite hostname="SAMBASIVA" failures="0" tests="1" name="BHighlevelBases.B15_Frames" time="4.131" errors="0" timestamp="2024-12-19T07:59:28 IST" skipped="0">
  <testcase classname="BHighlevelBases.B15_Frames" name="clickable" time="4.131"/>
</testsuite> <!-- BHighlevelBases.B15_Frames -->
